# JRE version: OpenJDK Runtime Environment (8.0_212-b04) (build 1.8.0_212-release-1586-b04)
# Java VM: OpenJDK 64-Bit Server VM (25.212-b04 mixed mode windows-amd64 compressed oops)
Heap:
 PSYoungGen      total 491520K, used 32096K [0x00000000e0000000, 0x00000000ffd80000, 0x0000000100000000)
  eden space 461312K, 4% used [0x00000000e0000000,0x00000000e1436738,0x00000000fc280000)
  from space 30208K, 37% used [0x00000000fc280000,0x00000000fcda1af0,0x00000000fe000000)
  to   space 28160K, 0% used [0x00000000fe200000,0x00000000fe200000,0x00000000ffd80000)
 ParOldGen       total 351232K, used 304496K [0x00000000a0000000, 0x00000000b5700000, 0x00000000e0000000)
  object space 351232K, 86% used [0x00000000a0000000,0x00000000b295c260,0x00000000b5700000)
 Metaspace       used 122466K, capacity 127916K, committed 129280K, reserved 1161216K
  class space    used 15637K, capacity 16801K, committed 17152K, reserved 1048576K
GC Heap History (10 events):
Event: 536.595 GC heap before
{Heap before GC invocations=67 (full 5):
 PSYoungGen      total 498688K, used 498670K [0x00000000e0000000, 0x0000000100000000, 0x0000000100000000)
  eden space 473088K, 100% used [0x00000000e0000000,0x00000000fce00000,0x00000000fce00000)
  from space 25600K, 99% used [0x00000000fce00000,0x00000000fe6fba58,0x00000000fe700000)
  to   space 25600K, 0% used [0x00000000fe700000,0x00000000fe700000,0x0000000100000000)
 ParOldGen       total 351232K, used 250230K [0x00000000a0000000, 0x00000000b5700000, 0x00000000e0000000)
  object space 351232K, 71% used [0x00000000a0000000,0x00000000af45db10,0x00000000b5700000)
 Metaspace       used 122173K, capacity 127558K, committed 129280K, reserved 1161216K
  class space    used 15600K, capacity 16744K, committed 17152K, reserved 1048576K
Event: 536.622 GC heap after
Heap after GC invocations=67 (full 5):
 PSYoungGen      total 482304K, used 10690K [0x00000000e0000000, 0x0000000100000000, 0x0000000100000000)
  eden space 456704K, 0% used [0x00000000e0000000,0x00000000e0000000,0x00000000fbe00000)
  from space 25600K, 41% used [0x00000000fe700000,0x00000000ff170ae8,0x0000000100000000)
  to   space 33792K, 0% used [0x00000000fbe00000,0x00000000fbe00000,0x00000000fdf00000)
 ParOldGen       total 351232K, used 274128K [0x00000000a0000000, 0x00000000b5700000, 0x00000000e0000000)
  object space 351232K, 78% used [0x00000000a0000000,0x00000000b0bb42a0,0x00000000b5700000)
 Metaspace       used 122173K, capacity 127558K, committed 129280K, reserved 1161216K
  class space    used 15600K, capacity 16744K, committed 17152K, reserved 1048576K
}
Event: 537.290 GC heap before
{Heap before GC invocations=68 (full 5):
 PSYoungGen      total 482304K, used 467394K [0x00000000e0000000, 0x0000000100000000, 0x0000000100000000)
  eden space 456704K, 100% used [0x00000000e0000000,0x00000000fbe00000,0x00000000fbe00000)
  from space 25600K, 41% used [0x00000000fe700000,0x00000000ff170ae8,0x0000000100000000)
  to   space 33792K, 0% used [0x00000000fbe00000,0x00000000fbe00000,0x00000000fdf00000)
 ParOldGen       total 351232K, used 274922K [0x00000000a0000000, 0x00000000b5700000, 0x00000000e0000000)
  object space 351232K, 78% used [0x00000000a0000000,0x00000000b0c7a918,0x00000000b5700000)
 Metaspace       used 122183K, capacity 127558K, committed 129280K, reserved 1161216K
  class space    used 15601K, capacity 16744K, committed 17152K, reserved 1048576K
Event: 537.318 GC heap after
Heap after GC invocations=68 (full 5):
 PSYoungGen      total 490496K, used 15417K [0x00000000e0000000, 0x0000000100000000, 0x0000000100000000)
  eden space 456704K, 0% used [0x00000000e0000000,0x00000000e0000000,0x00000000fbe00000)
  from space 33792K, 45% used [0x00000000fbe00000,0x00000000fcd0e760,0x00000000fdf00000)
  to   space 32768K, 0% used [0x00000000fe000000,0x00000000fe000000,0x0000000100000000)
 ParOldGen       total 351232K, used 282989K [0x00000000a0000000, 0x00000000b5700000, 0x00000000e0000000)
  object space 351232K, 80% used [0x00000000a0000000,0x00000000b145b568,0x00000000b5700000)
 Metaspace       used 122183K, capacity 127558K, committed 129280K, reserved 1161216K
  class space    used 15601K, capacity 16744K, committed 17152K, reserved 1048576K
}
Event: 538.106 GC heap before
{Heap before GC invocations=69 (full 5):
 PSYoungGen      total 490496K, used 472121K [0x00000000e0000000, 0x0000000100000000, 0x0000000100000000)
  eden space 456704K, 100% used [0x00000000e0000000,0x00000000fbe00000,0x00000000fbe00000)
  from space 33792K, 45% used [0x00000000fbe00000,0x00000000fcd0e760,0x00000000fdf00000)
  to   space 32768K, 0% used [0x00000000fe000000,0x00000000fe000000,0x0000000100000000)
 ParOldGen       total 351232K, used 283015K [0x00000000a0000000, 0x00000000b5700000, 0x00000000e0000000)
  object space 351232K, 80% used [0x00000000a0000000,0x00000000b1461c48,0x00000000b5700000)
 Metaspace       used 122274K, capacity 127638K, committed 129280K, reserved 1161216K
  class space    used 15608K, capacity 16748K, committed 17152K, reserved 1048576K
Event: 538.126 GC heap after
Heap after GC invocations=69 (full 5):
 PSYoungGen      total 487424K, used 5845K [0x00000000e0000000, 0x00000000ffd00000, 0x0000000100000000)
  eden space 457728K, 0% used [0x00000000e0000000,0x00000000e0000000,0x00000000fbf00000)
  from space 29696K, 19% used [0x00000000fe000000,0x00000000fe5b5638,0x00000000ffd00000)
  to   space 31744K, 0% used [0x00000000fbf00000,0x00000000fbf00000,0x00000000fde00000)
 ParOldGen       total 351232K, used 291774K [0x00000000a0000000, 0x00000000b5700000, 0x00000000e0000000)
  object space 351232K, 83% used [0x00000000a0000000,0x00000000b1cefae8,0x00000000b5700000)
 Metaspace       used 122274K, capacity 127638K, committed 129280K, reserved 1161216K
  class space    used 15608K, capacity 16748K, committed 17152K, reserved 1048576K
}
Event: 538.845 GC heap before
{Heap before GC invocations=70 (full 5):
 PSYoungGen      total 487424K, used 463573K [0x00000000e0000000, 0x00000000ffd00000, 0x0000000100000000)
  eden space 457728K, 100% used [0x00000000e0000000,0x00000000fbf00000,0x00000000fbf00000)
  from space 29696K, 19% used [0x00000000fe000000,0x00000000fe5b5638,0x00000000ffd00000)
  to   space 31744K, 0% used [0x00000000fbf00000,0x00000000fbf00000,0x00000000fde00000)
 ParOldGen       total 351232K, used 291774K [0x00000000a0000000, 0x00000000b5700000, 0x00000000e0000000)
  object space 351232K, 83% used [0x00000000a0000000,0x00000000b1cefae8,0x00000000b5700000)
 Metaspace       used 122285K, capacity 127638K, committed 129280K, reserved 1161216K
  class space    used 15610K, capacity 16748K, committed 17152K, reserved 1048576K
Event: 538.862 GC heap after
Heap after GC invocations=70 (full 5):
 PSYoungGen      total 489472K, used 6304K [0x00000000e0000000, 0x0000000100000000, 0x0000000100000000)
  eden space 457728K, 0% used [0x00000000e0000000,0x00000000e0000000,0x00000000fbf00000)
  from space 31744K, 19% used [0x00000000fbf00000,0x00000000fc528010,0x00000000fde00000)
  to   space 31232K, 0% used [0x00000000fe180000,0x00000000fe180000,0x0000000100000000)
 ParOldGen       total 351232K, used 296959K [0x00000000a0000000, 0x00000000b5700000, 0x00000000e0000000)
  object space 351232K, 84% used [0x00000000a0000000,0x00000000b21ffd08,0x00000000b5700000)
 Metaspace       used 122285K, capacity 127638K, committed 129280K, reserved 1161216K
  class space    used 15610K, capacity 16748K, committed 17152K, reserved 1048576K
}
Event: 539.708 GC heap before
{Heap before GC invocations=71 (full 5):
 PSYoungGen      total 489472K, used 464032K [0x00000000e0000000, 0x0000000100000000, 0x0000000100000000)
  eden space 457728K, 100% used [0x00000000e0000000,0x00000000fbf00000,0x00000000fbf00000)
  from space 31744K, 19% used [0x00000000fbf00000,0x00000000fc528010,0x00000000fde00000)
  to   space 31232K, 0% used [0x00000000fe180000,0x00000000fe180000,0x0000000100000000)
 ParOldGen       total 351232K, used 296959K [0x00000000a0000000, 0x00000000b5700000, 0x00000000e0000000)
  object space 351232K, 84% used [0x00000000a0000000,0x00000000b21ffd08,0x00000000b5700000)
 Metaspace       used 122308K, capacity 127740K, committed 129280K, reserved 1161216K
  class space    used 15613K, capacity 16781K, committed 17152K, reserved 1048576K
Event: 539.722 GC heap after
Heap after GC invocations=71 (full 5):
 PSYoungGen      total 489984K, used 8147K [0x00000000e0000000, 0x00000000ffd80000, 0x0000000100000000)
  eden space 461312K, 0% used [0x00000000e0000000,0x00000000e0000000,0x00000000fc280000)
  from space 28672K, 28% used [0x00000000fe180000,0x00000000fe974fe0,0x00000000ffd80000)
  to   space 30208K, 0% used [0x00000000fc280000,0x00000000fc280000,0x00000000fe000000)
 ParOldGen       total 351232K, used 301285K [0x00000000a0000000, 0x00000000b5700000, 0x00000000e0000000)
  object space 351232K, 85% used [0x00000000a0000000,0x00000000b2639478,0x00000000b5700000)
 Metaspace       used 122308K, capacity 127740K, committed 129280K, reserved 1161216K
  class space    used 15613K, capacity 16781K, committed 17152K, reserved 1048576K
}

